<?xml version="1.0" encoding="UTF-8"?>
<!-- Generated by org.testng.reporters.JUnitReportReporter -->
<testsuite skipped="0" hostname="LAPTOP-2CN4VJ8B" name="com.testVagrant.tests.TestCases" tests="5" failures="0" timestamp="2022-07-25T08:14:53 IST" time="24.625" errors="0">
  <testcase name="homePageTitleIMDB" time="0.637" classname="com.testVagrant.tests.TestCases"/>
  <system-out/>
  <testcase name="searchMovieIMDb" time="12.553" classname="com.testVagrant.tests.TestCases"/>
  <system-out/>
  <testcase name="homePageTitleWiki" time="3.455" classname="com.testVagrant.tests.TestCases"/>
  <system-out/>
  <testcase name="searchMovieWiki" time="7.972" classname="com.testVagrant.tests.TestCases"/>
  <system-out/>
  <testcase name="compareMovieDetails" time="0.008" classname="com.testVagrant.tests.TestCases"/>
  <system-out/>
</testsuite> <!-- com.testVagrant.tests.TestCases -->
